<?xml version="1.0" encoding="UTF-8"?>
<!-- Generated by org.testng.reporters.JUnitReportReporter -->
<testsuite hostname="DESKTOP-7O6QIK2" failures="0" tests="2" name="TestNGTestRunner.TestRunner" time="24.170" errors="0" timestamp="2022-07-15T11:51:01 IST" skipped="0">
  <testcase classname="TestNGTestRunner.TestRunner" name="runScenario" time="13.670"/>
  <system-out/>
  <testcase classname="TestNGTestRunner.TestRunner" name="runScenario" time="10.500"/>
  <system-out/>
</testsuite> <!-- TestNGTestRunner.TestRunner -->
