<?xml version="1.0" encoding="UTF-8"?>
<!-- Generated by org.testng.reporters.JUnitReportReporter -->
<testsuite hostname="DESKTOP-7O6QIK2" failures="0" tests="2" name="TestNGTestRunner.TestRunner" time="30.756" errors="0" timestamp="2022-06-28T11:51:41 IST" skipped="0">
  <testcase classname="TestNGTestRunner.TestRunner" name="runScenario" time="13.809"/>
  <system-out/>
  <testcase classname="TestNGTestRunner.TestRunner" name="runScenario" time="16.947"/>
  <system-out/>
</testsuite> <!-- TestNGTestRunner.TestRunner -->
