<?xml version="1.0" encoding="UTF-8"?>
<!-- Generated by org.testng.reporters.JUnitReportReporter -->
<testsuite hostname="DESKTOP-7O6QIK2" failures="0" tests="5" name="TestNGTestRunner.TestRunner" time="41.087" errors="0" timestamp="2023-04-17T09:03:08 IST" skipped="0">
  <testcase classname="TestNGTestRunner.TestRunner" name="runScenario" time="8.144"/>
  <system-out/>
  <testcase classname="TestNGTestRunner.TestRunner" name="runScenario" time="8.303"/>
  <system-out/>
  <testcase classname="TestNGTestRunner.TestRunner" name="runScenario" time="8.409"/>
  <system-out/>
  <testcase classname="TestNGTestRunner.TestRunner" name="runScenario" time="8.394"/>
  <system-out/>
  <testcase classname="TestNGTestRunner.TestRunner" name="runScenario" time="7.837"/>
  <system-out/>
</testsuite> <!-- TestNGTestRunner.TestRunner -->
