<?xml version="1.0" encoding="UTF-8"?>
<!-- Generated by org.testng.reporters.JUnitReportReporter -->
<testsuite hostname="DESKTOP-7O6QIK2" failures="1" tests="3" name="TestNGTestRunner.TestRunner" time="41.496" errors="0" timestamp="2022-07-07T10:12:07 IST" skipped="0">
  <testcase classname="TestNGTestRunner.TestRunner" name="runScenario" time="13.910">
    <failure message="expected [Cauliflower] but found [No data]" type="java.lang.AssertionError">
      <![CDATA[java.lang.AssertionError: expected [Cauliflower] but found [No data]
at org.testng.Assert.fail(Assert.java:110)
at org.testng.Assert.failNotEquals(Assert.java:1413)
at org.testng.Assert.assertEqualsImpl(Assert.java:149)
at org.testng.Assert.assertEquals(Assert.java:131)
at org.testng.Assert.assertEquals(Assert.java:655)
at org.testng.Assert.assertEquals(Assert.java:665)
at stepDefination.OffersPageStepDefination.check_is_both_products_are_same_or_not(OffersPageStepDefination.java:54)
at âœ½.check is both products are same or not(file:///C:/Users/DinnuBunny/git/CUCUTestNG/CucumberTestNg/src/test/java/features/searchProduct.feature:9)
]]>
    </failure>
  </testcase> <!-- runScenario -->
  <system-out/>
  <testcase classname="TestNGTestRunner.TestRunner" name="runScenario" time="13.786"/>
  <system-out/>
  <testcase classname="TestNGTestRunner.TestRunner" name="runScenario" time="13.800"/>
  <system-out/>
</testsuite> <!-- TestNGTestRunner.TestRunner -->
