<?xml version="1.0" encoding="UTF-8"?>
<!-- Generated by org.testng.reporters.JUnitReportReporter -->
<testsuite hostname="DESKTOP-7O6QIK2" failures="0" tests="1" name="TestNGTestRunner.TestRunner" time="24.614" errors="0" timestamp="2022-07-22T19:06:54 IST" skipped="0">
  <testcase classname="TestNGTestRunner.TestRunner" name="runScenario" time="24.614"/>
  <system-out/>
</testsuite> <!-- TestNGTestRunner.TestRunner -->
